<?xml version="1.0" encoding="UTF-8"?>
<!-- Generated by org.testng.reporters.JUnitReportReporter -->
<testsuite hostname="DESKTOP-T93JTV2" failures="0" tests="6" name="runners.Testng" time="146.342" errors="0" timestamp="2025-03-17T11:23:51 IST" skipped="0">
  <testcase classname="runners.Testng" name="runScenario" time="11.492"/>
  <testcase classname="runners.Testng" name="runScenario" time="21.084"/>
  <testcase classname="runners.Testng" name="runScenario" time="36.677"/>
  <testcase classname="runners.Testng" name="runScenario" time="7.598"/>
  <testcase classname="runners.Testng" name="runScenario" time="32.065"/>
  <testcase classname="runners.Testng" name="runScenario" time="37.426"/>
</testsuite> <!-- runners.Testng -->
