<?xml version="1.0" encoding="UTF-8"?>
<!-- Generated by org.testng.reporters.JUnitReportReporter -->
<testsuite hostname="DESKTOP-T93JTV2" failures="0" tests="1" name="xyz.AutoJobApply" time="13.571" errors="0" timestamp="2025-03-11T12:57:34 IST" skipped="0">
  <testcase classname="xyz.AutoJobApply" name="applyToJobs" time="13.571"/>
</testsuite> <!-- xyz.AutoJobApply -->
