<?xml version="1.0" encoding="UTF-8"?>
<!-- Generated by org.testng.reporters.JUnitReportReporter -->
<testsuite hostname="DESKTOP-T93JTV2" failures="0" tests="1" name="xyz.abc" time="16.111" errors="0" timestamp="2025-03-11T12:52:35 IST" skipped="0">
  <testcase classname="xyz.abc" name="apply" time="16.111"/>
</testsuite> <!-- xyz.abc -->
