<?xml version="1.0" encoding="UTF-8"?>
<!-- Generated by org.testng.reporters.JUnitReportReporter -->
<testsuite hostname="DESKTOP-T93JTV2" failures="0" tests="2" name="runners.Testng" time="15.955" errors="0" timestamp="2025-02-24T16:49:55 IST" skipped="0">
  <testcase classname="runners.Testng" name="runScenario" time="6.984"/>
  <testcase classname="runners.Testng" name="runScenario" time="8.971"/>
</testsuite> <!-- runners.Testng -->
