<?xml version="1.0" encoding="UTF-8"?>
<!-- Generated by org.testng.reporters.JUnitReportReporter -->
<testsuite hostname="DESKTOP-T93JTV2" failures="0" tests="2" name="runners.Testng" time="22.698" errors="0" timestamp="2025-02-24T16:50:52 IST" skipped="0">
  <testcase classname="runners.Testng" name="runScenario" time="8.499"/>
  <testcase classname="runners.Testng" name="runScenario" time="14.199"/>
</testsuite> <!-- runners.Testng -->
